Build started 2011/3/14 19:48:11.
     1>Project "E:\win7_doc\documents\myfile\p2p特征提取\program\project\yaas\selectfile\selectfile.vcxproj" on node 2 (build target(s)).
     1>InitializeBuildStatus:
         Creating "Release\selectfile.unsuccessfulbuild" because "AlwaysCreate" was specified.
       ClCompile:
         C:\Program Files (x86)\Microsoft Visual Studio 10.0\VC\bin\CL.exe /c /Zi /nologo /W3 /WX- /O2 /Oi /Oy- /GL /D WIN32 /D NDEBUG /D _CONSOLE /D _MBCS /Gm- /EHsc /MD /GS /Gy /fp:precise /Zc:wchar_t /Zc:forScope /Fo"Release\\" /Fd"Release\vc100.pdb" /Gd /TP /analyze- /errorReport:prompt main.cpp
         main.cpp
       Link:
         C:\Program Files (x86)\Microsoft Visual Studio 10.0\VC\bin\link.exe /ERRORREPORT:PROMPT /OUT:"E:\win7_doc\documents\myfile\p2p特征提取\program\project\yaas\Release\selectfile.exe" /INCREMENTAL:NO /NOLOGO psapi.lib kernel32.lib user32.lib gdi32.lib winspool.lib comdlg32.lib advapi32.lib shell32.lib ole32.lib oleaut32.lib uuid.lib odbc32.lib odbccp32.lib /MANIFEST /ManifestFile:"Release\selectfile.exe.intermediate.manifest" /MANIFESTUAC:"level='asInvoker' uiAccess='false'" /DEBUG /PDB:"E:\win7_doc\documents\myfile\p2p特征提取\program\project\yaas\Release\selectfile.pdb" /SUBSYSTEM:CONSOLE /OPT:REF /OPT:ICF /LTCG /TLBID:1 /DYNAMICBASE /NXCOMPAT /IMPLIB:"E:\win7_doc\documents\myfile\p2p特征提取\program\project\yaas\Release\selectfile.lib" /MACHINE:X86 Release\getopt.obj
         Release\main.obj
         Generating code
         Finished generating code
         selectfile.vcxproj -> E:\win7_doc\documents\myfile\p2p特征提取\program\project\yaas\Release\selectfile.exe
       Manifest:
         C:\Program Files (x86)\Microsoft SDKs\Windows\v7.0A\bin\mt.exe /nologo /verbose /outputresource:"E:\win7_doc\documents\myfile\p2p特征提取\program\project\yaas\Release\selectfile.exe;#1" /manifest Release\selectfile.exe.intermediate.manifest
       FinalizeBuildStatus:
         Deleting file "Release\selectfile.unsuccessfulbuild".
         Touching "Release\selectfile.lastbuildstate".
     1>Done Building Project "E:\win7_doc\documents\myfile\p2p特征提取\program\project\yaas\selectfile\selectfile.vcxproj" (build target(s)).

Build succeeded.

Time Elapsed 00:00:04.11
